# JRE version: Java(TM) SE Runtime Environment (8.0_121-b13) (build 1.8.0_121-b13)
# Java VM: Java HotSpot(TM) 64-Bit Server VM (25.121-b13 mixed mode windows-amd64 compressed oops)
Heap:
 PSYoungGen      total 119296K, used 55797K [0x00000000eb600000, 0x00000000f3b80000, 0x0000000100000000)
  eden space 113664K, 49% used [0x00000000eb600000,0x00000000eec7d788,0x00000000f2500000)
  from space 5632K, 0% used [0x00000000f3600000,0x00000000f3600000,0x00000000f3b80000)
  to   space 7680K, 0% used [0x00000000f2c80000,0x00000000f2c80000,0x00000000f3400000)
 ParOldGen       total 44032K, used 13422K [0x00000000c2200000, 0x00000000c4d00000, 0x00000000eb600000)
  object space 44032K, 30% used [0x00000000c2200000,0x00000000c2f1baa8,0x00000000c4d00000)
 Metaspace       used 37699K, capacity 39758K, committed 40064K, reserved 1083392K
  class space    used 5039K, capacity 5445K, committed 5504K, reserved 1048576K
GC Heap History (10 events):
Event: 5.481 GC heap before
{Heap before GC invocations=8 (full 1):
 PSYoungGen      total 69632K, used 3428K [0x00000000eb600000, 0x00000000f3d00000, 0x0000000100000000)
  eden space 61952K, 0% used [0x00000000eb600000,0x00000000eb600000,0x00000000ef280000)
  from space 7680K, 44% used [0x00000000ef280000,0x00000000ef5d91a8,0x00000000efa00000)
  to   space 7168K, 0% used [0x00000000f3600000,0x00000000f3600000,0x00000000f3d00000)
 ParOldGen       total 42496K, used 10185K [0x00000000c2200000, 0x00000000c4b80000, 0x00000000eb600000)
  object space 42496K, 23% used [0x00000000c2200000,0x00000000c2bf2630,0x00000000c4b80000)
 Metaspace       used 20565K, capacity 21246K, committed 21296K, reserved 1067008K
  class space    used 2738K, capacity 2912K, committed 2944K, reserved 1048576K
Event: 5.572 GC heap after
Heap after GC invocations=8 (full 1):
 PSYoungGen      total 69632K, used 0K [0x00000000eb600000, 0x00000000f3d00000, 0x0000000100000000)
  eden space 61952K, 0% used [0x00000000eb600000,0x00000000eb600000,0x00000000ef280000)
  from space 7680K, 0% used [0x00000000ef280000,0x00000000ef280000,0x00000000efa00000)
  to   space 7168K, 0% used [0x00000000f3600000,0x00000000f3600000,0x00000000f3d00000)
 ParOldGen       total 33280K, used 10105K [0x00000000c2200000, 0x00000000c4280000, 0x00000000eb600000)
  object space 33280K, 30% used [0x00000000c2200000,0x00000000c2bde638,0x00000000c4280000)
 Metaspace       used 20564K, capacity 21240K, committed 21296K, reserved 1067008K
  class space    used 2737K, capacity 2911K, committed 2944K, reserved 1048576K
}
Event: 6.624 GC heap before
{Heap before GC invocations=9 (full 1):
 PSYoungGen      total 69632K, used 61952K [0x00000000eb600000, 0x00000000f3d00000, 0x0000000100000000)
  eden space 61952K, 100% used [0x00000000eb600000,0x00000000ef280000,0x00000000ef280000)
  from space 7680K, 0% used [0x00000000ef280000,0x00000000ef280000,0x00000000efa00000)
  to   space 7168K, 0% used [0x00000000f3600000,0x00000000f3600000,0x00000000f3d00000)
 ParOldGen       total 33280K, used 10105K [0x00000000c2200000, 0x00000000c4280000, 0x00000000eb600000)
  object space 33280K, 30% used [0x00000000c2200000,0x00000000c2bde638,0x00000000c4280000)
 Metaspace       used 24225K, capacity 25142K, committed 25216K, reserved 1071104K
  class space    used 3208K, capacity 3439K, committed 3456K, reserved 1048576K
Event: 6.851 GC heap after
Heap after GC invocations=9 (full 1):
 PSYoungGen      total 119296K, used 5594K [0x00000000eb600000, 0x00000000f3b80000, 0x0000000100000000)
  eden space 113664K, 0% used [0x00000000eb600000,0x00000000eb600000,0x00000000f2500000)
  from space 5632K, 99% used [0x00000000f3600000,0x00000000f3b76838,0x00000000f3b80000)
  to   space 7680K, 0% used [0x00000000f2c80000,0x00000000f2c80000,0x00000000f3400000)
 ParOldGen       total 33280K, used 10105K [0x00000000c2200000, 0x00000000c4280000, 0x00000000eb600000)
  object space 33280K, 30% used [0x00000000c2200000,0x00000000c2bde638,0x00000000c4280000)
 Metaspace       used 24225K, capacity 25142K, committed 25216K, reserved 1071104K
  class space    used 3208K, capacity 3439K, committed 3456K, reserved 1048576K
}
Event: 8.290 GC heap before
{Heap before GC invocations=10 (full 1):
 PSYoungGen      total 119296K, used 119258K [0x00000000eb600000, 0x00000000f3b80000, 0x0000000100000000)
  eden space 113664K, 100% used [0x00000000eb600000,0x00000000f2500000,0x00000000f2500000)
  from space 5632K, 99% used [0x00000000f3600000,0x00000000f3b76838,0x00000000f3b80000)
  to   space 7680K, 0% used [0x00000000f2c80000,0x00000000f2c80000,0x00000000f3400000)
 ParOldGen       total 33280K, used 10105K [0x00000000c2200000, 0x00000000c4280000, 0x00000000eb600000)
  object space 33280K, 30% used [0x00000000c2200000,0x00000000c2bde638,0x00000000c4280000)
 Metaspace       used 31778K, capacity 33408K, committed 33792K, reserved 1079296K
  class space    used 4204K, capacity 4523K, committed 4608K, reserved 1048576K
Event: 8.325 GC heap after
Heap after GC invocations=10 (full 1):
 PSYoungGen      total 121344K, used 7677K [0x00000000eb600000, 0x00000000f3b80000, 0x0000000100000000)
  eden space 113664K, 0% used [0x00000000eb600000,0x00000000eb600000,0x00000000f2500000)
  from space 7680K, 99% used [0x00000000f2c80000,0x00000000f33ff6a8,0x00000000f3400000)
  to   space 5632K, 0% used [0x00000000f3600000,0x00000000f3600000,0x00000000f3b80000)
 ParOldGen       total 33280K, used 14890K [0x00000000c2200000, 0x00000000c4280000, 0x00000000eb600000)
  object space 33280K, 44% used [0x00000000c2200000,0x00000000c308ab48,0x00000000c4280000)
 Metaspace       used 31778K, capacity 33408K, committed 33792K, reserved 1079296K
  class space    used 4204K, capacity 4523K, committed 4608K, reserved 1048576K
}
Event: 8.617 GC heap before
{Heap before GC invocations=11 (full 1):
 PSYoungGen      total 121344K, used 27189K [0x00000000eb600000, 0x00000000f3b80000, 0x0000000100000000)
  eden space 113664K, 17% used [0x00000000eb600000,0x00000000ec90df20,0x00000000f2500000)
  from space 7680K, 99% used [0x00000000f2c80000,0x00000000f33ff6a8,0x00000000f3400000)
  to   space 5632K, 0% used [0x00000000f3600000,0x00000000f3600000,0x00000000f3b80000)
 ParOldGen       total 33280K, used 14890K [0x00000000c2200000, 0x00000000c4280000, 0x00000000eb600000)
  object space 33280K, 44% used [0x00000000c2200000,0x00000000c308ab48,0x00000000c4280000)
 Metaspace       used 33648K, capacity 35390K, committed 35496K, reserved 1079296K
  class space    used 4466K, capacity 4820K, committed 4864K, reserved 1048576K
Event: 8.630 GC heap after
Heap after GC invocations=11 (full 1):
 PSYoungGen      total 119296K, used 5627K [0x00000000eb600000, 0x00000000f3b80000, 0x0000000100000000)
  eden space 113664K, 0% used [0x00000000eb600000,0x00000000eb600000,0x00000000f2500000)
  from space 5632K, 99% used [0x00000000f3600000,0x00000000f3b7eff8,0x00000000f3b80000)
  to   space 7680K, 0% used [0x00000000f2c80000,0x00000000f2c80000,0x00000000f3400000)
 ParOldGen       total 33280K, used 17380K [0x00000000c2200000, 0x00000000c4280000, 0x00000000eb600000)
  object space 33280K, 52% used [0x00000000c2200000,0x00000000c32f9100,0x00000000c4280000)
 Metaspace       used 33648K, capacity 35390K, committed 35496K, reserved 1079296K
  class space    used 4466K, capacity 4820K, committed 4864K, reserved 1048576K
}
Event: 8.630 GC heap before
{Heap before GC invocations=12 (full 2):
 PSYoungGen      total 119296K, used 5627K [0x00000000eb600000, 0x00000000f3b80000, 0x0000000100000000)
  eden space 113664K, 0% used [0x00000000eb600000,0x00000000eb600000,0x00000000f2500000)
  from space 5632K, 99% used [0x00000000f3600000,0x00000000f3b7eff8,0x00000000f3b80000)
  to   space 7680K, 0% used [0x00000000f2c80000,0x00000000f2c80000,0x00000000f3400000)
 ParOldGen       total 33280K, used 17380K [0x00000000c2200000, 0x00000000c4280000, 0x00000000eb600000)
  object space 33280K, 52% used [0x00000000c2200000,0x00000000c32f9100,0x00000000c4280000)
 Metaspace       used 33648K, capacity 35390K, committed 35496K, reserved 1079296K
  class space    used 4466K, capacity 4820K, committed 4864K, reserved 1048576K
Event: 8.738 GC heap after
Heap after GC invocations=12 (full 2):
 PSYoungGen      total 119296K, used 0K [0x00000000eb600000, 0x00000000f3b80000, 0x0000000100000000)
  eden space 113664K, 0% used [0x00000000eb600000,0x00000000eb600000,0x00000000f2500000)
  from space 5632K, 0% used [0x00000000f3600000,0x00000000f3600000,0x00000000f3b80000)
  to   space 7680K, 0% used [0x00000000f2c80000,0x00000000f2c80000,0x00000000f3400000)
 ParOldGen       total 44032K, used 13422K [0x00000000c2200000, 0x00000000c4d00000, 0x00000000eb600000)
  object space 44032K, 30% used [0x00000000c2200000,0x00000000c2f1baa8,0x00000000c4d00000)
 Metaspace       used 33648K, capacity 35390K, committed 35496K, reserved 1079296K
  class space    used 4466K, capacity 4820K, committed 4864K, reserved 1048576K
}

