# JRE version: Java(TM) SE Runtime Environment (8.0_121-b13) (build 1.8.0_121-b13)
# Java VM: Java HotSpot(TM) 64-Bit Server VM (25.121-b13 mixed mode windows-amd64 compressed oops)
Heap:
 PSYoungGen      total 175616K, used 60160K [0x00000000eb600000, 0x00000000f7700000, 0x0000000100000000)
  eden space 165376K, 36% used [0x00000000eb600000,0x00000000ef0c03a0,0x00000000f5780000)
  from space 10240K, 0% used [0x00000000f6180000,0x00000000f6180000,0x00000000f6b80000)
  to   space 10240K, 0% used [0x00000000f5780000,0x00000000f5780000,0x00000000f6180000)
 ParOldGen       total 30720K, used 13491K [0x00000000c2200000, 0x00000000c4000000, 0x00000000eb600000)
  object space 30720K, 43% used [0x00000000c2200000,0x00000000c2f2cc90,0x00000000c4000000)
 Metaspace       used 37746K, capacity 39886K, committed 40064K, reserved 1083392K
  class space    used 5042K, capacity 5445K, committed 5504K, reserved 1048576K
GC Heap History (10 events):
Event: 4.396 GC heap before
{Heap before GC invocations=8 (full 1):
 PSYoungGen      total 69632K, used 3568K [0x00000000eb600000, 0x00000000f3d00000, 0x0000000100000000)
  eden space 61952K, 0% used [0x00000000eb600000,0x00000000eb600000,0x00000000ef280000)
  from space 7680K, 46% used [0x00000000ef280000,0x00000000ef5fc278,0x00000000efa00000)
  to   space 7168K, 0% used [0x00000000f3600000,0x00000000f3600000,0x00000000f3d00000)
 ParOldGen       total 42496K, used 10114K [0x00000000c2200000, 0x00000000c4b80000, 0x00000000eb600000)
  object space 42496K, 23% used [0x00000000c2200000,0x00000000c2be0990,0x00000000c4b80000)
 Metaspace       used 20588K, capacity 21240K, committed 21296K, reserved 1067008K
  class space    used 2741K, capacity 2911K, committed 2944K, reserved 1048576K
Event: 4.464 GC heap after
Heap after GC invocations=8 (full 1):
 PSYoungGen      total 69632K, used 0K [0x00000000eb600000, 0x00000000f3d00000, 0x0000000100000000)
  eden space 61952K, 0% used [0x00000000eb600000,0x00000000eb600000,0x00000000ef280000)
  from space 7680K, 0% used [0x00000000ef280000,0x00000000ef280000,0x00000000efa00000)
  to   space 7168K, 0% used [0x00000000f3600000,0x00000000f3600000,0x00000000f3d00000)
 ParOldGen       total 30720K, used 8967K [0x00000000c2200000, 0x00000000c4000000, 0x00000000eb600000)
  object space 30720K, 29% used [0x00000000c2200000,0x00000000c2ac1ce8,0x00000000c4000000)
 Metaspace       used 20588K, capacity 21240K, committed 21296K, reserved 1067008K
  class space    used 2741K, capacity 2911K, committed 2944K, reserved 1048576K
}
Event: 5.579 GC heap before
{Heap before GC invocations=9 (full 1):
 PSYoungGen      total 69632K, used 61952K [0x00000000eb600000, 0x00000000f3d00000, 0x0000000100000000)
  eden space 61952K, 100% used [0x00000000eb600000,0x00000000ef280000,0x00000000ef280000)
  from space 7680K, 0% used [0x00000000ef280000,0x00000000ef280000,0x00000000efa00000)
  to   space 7168K, 0% used [0x00000000f3600000,0x00000000f3600000,0x00000000f3d00000)
 ParOldGen       total 30720K, used 8967K [0x00000000c2200000, 0x00000000c4000000, 0x00000000eb600000)
  object space 30720K, 29% used [0x00000000c2200000,0x00000000c2ac1ce8,0x00000000c4000000)
 Metaspace       used 24254K, capacity 25142K, committed 25216K, reserved 1071104K
  class space    used 3215K, capacity 3439K, committed 3456K, reserved 1048576K
Event: 5.587 GC heap after
Heap after GC invocations=9 (full 1):
 PSYoungGen      total 118272K, used 5586K [0x00000000eb600000, 0x00000000f3b80000, 0x0000000100000000)
  eden space 112640K, 0% used [0x00000000eb600000,0x00000000eb600000,0x00000000f2400000)
  from space 5632K, 99% used [0x00000000f3600000,0x00000000f3b74af8,0x00000000f3b80000)
  to   space 7680K, 0% used [0x00000000f2c80000,0x00000000f2c80000,0x00000000f3400000)
 ParOldGen       total 30720K, used 8975K [0x00000000c2200000, 0x00000000c4000000, 0x00000000eb600000)
  object space 30720K, 29% used [0x00000000c2200000,0x00000000c2ac3ce8,0x00000000c4000000)
 Metaspace       used 24254K, capacity 25142K, committed 25216K, reserved 1071104K
  class space    used 3215K, capacity 3439K, committed 3456K, reserved 1048576K
}
Event: 6.842 GC heap before
{Heap before GC invocations=10 (full 1):
 PSYoungGen      total 118272K, used 118226K [0x00000000eb600000, 0x00000000f3b80000, 0x0000000100000000)
  eden space 112640K, 100% used [0x00000000eb600000,0x00000000f2400000,0x00000000f2400000)
  from space 5632K, 99% used [0x00000000f3600000,0x00000000f3b74af8,0x00000000f3b80000)
  to   space 7680K, 0% used [0x00000000f2c80000,0x00000000f2c80000,0x00000000f3400000)
 ParOldGen       total 30720K, used 8975K [0x00000000c2200000, 0x00000000c4000000, 0x00000000eb600000)
  object space 30720K, 29% used [0x00000000c2200000,0x00000000c2ac3ce8,0x00000000c4000000)
 Metaspace       used 31632K, capacity 33248K, committed 33536K, reserved 1079296K
  class space    used 4182K, capacity 4491K, committed 4608K, reserved 1048576K
Event: 6.857 GC heap after
Heap after GC invocations=10 (full 1):
 PSYoungGen      total 129024K, used 7679K [0x00000000eb600000, 0x00000000f6b80000, 0x0000000100000000)
  eden space 121344K, 0% used [0x00000000eb600000,0x00000000eb600000,0x00000000f2c80000)
  from space 7680K, 99% used [0x00000000f2c80000,0x00000000f33ffc28,0x00000000f3400000)
  to   space 10240K, 0% used [0x00000000f6180000,0x00000000f6180000,0x00000000f6b80000)
 ParOldGen       total 30720K, used 13641K [0x00000000c2200000, 0x00000000c4000000, 0x00000000eb600000)
  object space 30720K, 44% used [0x00000000c2200000,0x00000000c2f52598,0x00000000c4000000)
 Metaspace       used 31632K, capacity 33248K, committed 33536K, reserved 1079296K
  class space    used 4182K, capacity 4491K, committed 4608K, reserved 1048576K
}
Event: 7.097 GC heap before
{Heap before GC invocations=11 (full 1):
 PSYoungGen      total 129024K, used 29028K [0x00000000eb600000, 0x00000000f6b80000, 0x0000000100000000)
  eden space 121344K, 17% used [0x00000000eb600000,0x00000000ecad9678,0x00000000f2c80000)
  from space 7680K, 99% used [0x00000000f2c80000,0x00000000f33ffc28,0x00000000f3400000)
  to   space 10240K, 0% used [0x00000000f6180000,0x00000000f6180000,0x00000000f6b80000)
 ParOldGen       total 30720K, used 13641K [0x00000000c2200000, 0x00000000c4000000, 0x00000000eb600000)
  object space 30720K, 44% used [0x00000000c2200000,0x00000000c2f52598,0x00000000c4000000)
 Metaspace       used 33670K, capacity 35390K, committed 35496K, reserved 1079296K
  class space    used 4466K, capacity 4820K, committed 4864K, reserved 1048576K
Event: 7.106 GC heap after
Heap after GC invocations=11 (full 1):
 PSYoungGen      total 175616K, used 6324K [0x00000000eb600000, 0x00000000f7700000, 0x0000000100000000)
  eden space 165376K, 0% used [0x00000000eb600000,0x00000000eb600000,0x00000000f5780000)
  from space 10240K, 61% used [0x00000000f6180000,0x00000000f67ad218,0x00000000f6b80000)
  to   space 10240K, 0% used [0x00000000f5780000,0x00000000f5780000,0x00000000f6180000)
 ParOldGen       total 30720K, used 15537K [0x00000000c2200000, 0x00000000c4000000, 0x00000000eb600000)
  object space 30720K, 50% used [0x00000000c2200000,0x00000000c312c5a8,0x00000000c4000000)
 Metaspace       used 33670K, capacity 35390K, committed 35496K, reserved 1079296K
  class space    used 4466K, capacity 4820K, committed 4864K, reserved 1048576K
}
Event: 7.106 GC heap before
{Heap before GC invocations=12 (full 2):
 PSYoungGen      total 175616K, used 6324K [0x00000000eb600000, 0x00000000f7700000, 0x0000000100000000)
  eden space 165376K, 0% used [0x00000000eb600000,0x00000000eb600000,0x00000000f5780000)
  from space 10240K, 61% used [0x00000000f6180000,0x00000000f67ad218,0x00000000f6b80000)
  to   space 10240K, 0% used [0x00000000f5780000,0x00000000f5780000,0x00000000f6180000)
 ParOldGen       total 30720K, used 15537K [0x00000000c2200000, 0x00000000c4000000, 0x00000000eb600000)
  object space 30720K, 50% used [0x00000000c2200000,0x00000000c312c5a8,0x00000000c4000000)
 Metaspace       used 33670K, capacity 35390K, committed 35496K, reserved 1079296K
  class space    used 4466K, capacity 4820K, committed 4864K, reserved 1048576K
Event: 7.180 GC heap after
Heap after GC invocations=12 (full 2):
 PSYoungGen      total 175616K, used 0K [0x00000000eb600000, 0x00000000f7700000, 0x0000000100000000)
  eden space 165376K, 0% used [0x00000000eb600000,0x00000000eb600000,0x00000000f5780000)
  from space 10240K, 0% used [0x00000000f6180000,0x00000000f6180000,0x00000000f6b80000)
  to   space 10240K, 0% used [0x00000000f5780000,0x00000000f5780000,0x00000000f6180000)
 ParOldGen       total 30720K, used 13491K [0x00000000c2200000, 0x00000000c4000000, 0x00000000eb600000)
  object space 30720K, 43% used [0x00000000c2200000,0x00000000c2f2cc90,0x00000000c4000000)
 Metaspace       used 33670K, capacity 35390K, committed 35496K, reserved 1079296K
  class space    used 4466K, capacity 4820K, committed 4864K, reserved 1048576K
}

